# JRE version: Java(TM) SE Runtime Environment (8.0_191-b12) (build 1.8.0_191-b12)
# Java VM: Java HotSpot(TM) 64-Bit Server VM (25.191-b12 mixed mode windows-amd64 compressed oops)
Heap:
 PSYoungGen      total 185856K, used 185648K [0x000000076dc00000, 0x000000077aa80000, 0x00000007c0000000)
  eden space 169472K, 100% used [0x000000076dc00000,0x0000000778180000,0x0000000778180000)
  from space 16384K, 98% used [0x0000000778600000,0x00000007795cc270,0x0000000779600000)
  to   space 20992K, 50% used [0x0000000779600000,0x000000077a06c140,0x000000077aa80000)
 ParOldGen       total 157184K, used 101046K [0x00000006c9400000, 0x00000006d2d80000, 0x000000076dc00000)
  object space 157184K, 64% used [0x00000006c9400000,0x00000006cf6adbd0,0x00000006d2d80000)
 Metaspace       used 55173K, capacity 55972K, committed 56192K, reserved 1099776K
  class space    used 6271K, capacity 6441K, committed 6528K, reserved 1048576K
GC Heap History (10 events):
Event: 777.718 GC heap after
Heap after GC invocations=435 (full 2):
 PSYoungGen      total 175616K, used 13312K [0x000000076dc00000, 0x000000077af80000, 0x00000007c0000000)
  eden space 162304K, 0% used [0x000000076dc00000,0x000000076dc00000,0x0000000777a80000)
  from space 13312K, 100% used [0x0000000779d80000,0x000000077aa80000,0x000000077aa80000)
  to   space 5120K, 0% used [0x000000077aa80000,0x000000077aa80000,0x000000077af80000)
 ParOldGen       total 157184K, used 90763K [0x00000006c9400000, 0x00000006d2d80000, 0x000000076dc00000)
  object space 157184K, 57% used [0x00000006c9400000,0x00000006ceca2f20,0x00000006d2d80000)
 Metaspace       used 55154K, capacity 55972K, committed 56192K, reserved 1099776K
  class space    used 6270K, capacity 6441K, committed 6528K, reserved 1048576K
}
Event: 779.680 GC heap before
{Heap before GC invocations=436 (full 2):
 PSYoungGen      total 175616K, used 175616K [0x000000076dc00000, 0x000000077af80000, 0x00000007c0000000)
  eden space 162304K, 100% used [0x000000076dc00000,0x0000000777a80000,0x0000000777a80000)
  from space 13312K, 100% used [0x0000000779d80000,0x000000077aa80000,0x000000077aa80000)
  to   space 5120K, 0% used [0x000000077aa80000,0x000000077aa80000,0x000000077af80000)
 ParOldGen       total 157184K, used 90763K [0x00000006c9400000, 0x00000006d2d80000, 0x000000076dc00000)
  object space 157184K, 57% used [0x00000006c9400000,0x00000006ceca2f20,0x00000006d2d80000)
 Metaspace       used 55154K, capacity 55972K, committed 56192K, reserved 1099776K
  class space    used 6270K, capacity 6441K, committed 6528K, reserved 1048576K
Event: 779.697 GC heap after
Heap after GC invocations=436 (full 2):
 PSYoungGen      total 163328K, used 5120K [0x000000076dc00000, 0x000000077af80000, 0x00000007c0000000)
  eden space 158208K, 0% used [0x000000076dc00000,0x000000076dc00000,0x0000000777680000)
  from space 5120K, 100% used [0x000000077aa80000,0x000000077af80000,0x000000077af80000)
  to   space 17920K, 0% used [0x0000000778c80000,0x0000000778c80000,0x0000000779e00000)
 ParOldGen       total 157184K, used 101046K [0x00000006c9400000, 0x00000006d2d80000, 0x000000076dc00000)
  object space 157184K, 64% used [0x00000006c9400000,0x00000006cf6adbd0,0x00000006d2d80000)
 Metaspace       used 55154K, capacity 55972K, committed 56192K, reserved 1099776K
  class space    used 6270K, capacity 6441K, committed 6528K, reserved 1048576K
}
Event: 780.324 GC heap before
{Heap before GC invocations=437 (full 2):
 PSYoungGen      total 163328K, used 163328K [0x000000076dc00000, 0x000000077af80000, 0x00000007c0000000)
  eden space 158208K, 100% used [0x000000076dc00000,0x0000000777680000,0x0000000777680000)
  from space 5120K, 100% used [0x000000077aa80000,0x000000077af80000,0x000000077af80000)
  to   space 17920K, 0% used [0x0000000778c80000,0x0000000778c80000,0x0000000779e00000)
 ParOldGen       total 157184K, used 101046K [0x00000006c9400000, 0x00000006d2d80000, 0x000000076dc00000)
  object space 157184K, 64% used [0x00000006c9400000,0x00000006cf6adbd0,0x00000006d2d80000)
 Metaspace       used 55154K, capacity 55972K, committed 56192K, reserved 1099776K
  class space    used 6270K, capacity 6441K, committed 6528K, reserved 1048576K
Event: 780.341 GC heap after
Heap after GC invocations=437 (full 2):
 PSYoungGen      total 183296K, used 11072K [0x000000076dc00000, 0x000000077ab00000, 0x00000007c0000000)
  eden space 172032K, 0% used [0x000000076dc00000,0x000000076dc00000,0x0000000778400000)
  from space 11264K, 98% used [0x0000000778c80000,0x0000000779750020,0x0000000779780000)
  to   space 17920K, 0% used [0x0000000779980000,0x0000000779980000,0x000000077ab00000)
 ParOldGen       total 157184K, used 101046K [0x00000006c9400000, 0x00000006d2d80000, 0x000000076dc00000)
  object space 157184K, 64% used [0x00000006c9400000,0x00000006cf6adbd0,0x00000006d2d80000)
 Metaspace       used 55154K, capacity 55972K, committed 56192K, reserved 1099776K
  class space    used 6270K, capacity 6441K, committed 6528K, reserved 1048576K
}
Event: 781.786 GC heap before
{Heap before GC invocations=438 (full 2):
 PSYoungGen      total 183296K, used 183104K [0x000000076dc00000, 0x000000077ab00000, 0x00000007c0000000)
  eden space 172032K, 100% used [0x000000076dc00000,0x0000000778400000,0x0000000778400000)
  from space 11264K, 98% used [0x0000000778c80000,0x0000000779750020,0x0000000779780000)
  to   space 17920K, 0% used [0x0000000779980000,0x0000000779980000,0x000000077ab00000)
 ParOldGen       total 157184K, used 101046K [0x00000006c9400000, 0x00000006d2d80000, 0x000000076dc00000)
  object space 157184K, 64% used [0x00000006c9400000,0x00000006cf6adbd0,0x00000006d2d80000)
 Metaspace       used 55154K, capacity 55972K, committed 56192K, reserved 1099776K
  class space    used 6270K, capacity 6441K, committed 6528K, reserved 1048576K
Event: 781.800 GC heap after
Heap after GC invocations=438 (full 2):
 PSYoungGen      total 192000K, used 17248K [0x000000076dc00000, 0x000000077b980000, 0x00000007c0000000)
  eden space 174080K, 0% used [0x000000076dc00000,0x000000076dc00000,0x0000000778600000)
  from space 17920K, 96% used [0x0000000779980000,0x000000077aa58150,0x000000077ab00000)
  to   space 19968K, 0% used [0x0000000778600000,0x0000000778600000,0x0000000779980000)
 ParOldGen       total 157184K, used 101046K [0x00000006c9400000, 0x00000006d2d80000, 0x000000076dc00000)
  object space 157184K, 64% used [0x00000006c9400000,0x00000006cf6adbd0,0x00000006d2d80000)
 Metaspace       used 55154K, capacity 55972K, committed 56192K, reserved 1099776K
  class space    used 6270K, capacity 6441K, committed 6528K, reserved 1048576K
}
Event: 783.763 GC heap before
{Heap before GC invocations=439 (full 2):
 PSYoungGen      total 192000K, used 191328K [0x000000076dc00000, 0x000000077b980000, 0x00000007c0000000)
  eden space 174080K, 100% used [0x000000076dc00000,0x0000000778600000,0x0000000778600000)
  from space 17920K, 96% used [0x0000000779980000,0x000000077aa58150,0x000000077ab00000)
  to   space 19968K, 0% used [0x0000000778600000,0x0000000778600000,0x0000000779980000)
 ParOldGen       total 157184K, used 101046K [0x00000006c9400000, 0x00000006d2d80000, 0x000000076dc00000)
  object space 157184K, 64% used [0x00000006c9400000,0x00000006cf6adbd0,0x00000006d2d80000)
 Metaspace       used 55154K, capacity 55972K, committed 56192K, reserved 1099776K
  class space    used 6270K, capacity 6441K, committed 6528K, reserved 1048576K
Event: 783.774 GC heap after
Heap after GC invocations=439 (full 2):
 PSYoungGen      total 185856K, used 16176K [0x000000076dc00000, 0x000000077aa80000, 0x00000007c0000000)
  eden space 169472K, 0% used [0x000000076dc00000,0x000000076dc00000,0x0000000778180000)
  from space 16384K, 98% used [0x0000000778600000,0x00000007795cc270,0x0000000779600000)
  to   space 20992K, 0% used [0x0000000779600000,0x0000000779600000,0x000000077aa80000)
 ParOldGen       total 157184K, used 101046K [0x00000006c9400000, 0x00000006d2d80000, 0x000000076dc00000)
  object space 157184K, 64% used [0x00000006c9400000,0x00000006cf6adbd0,0x00000006d2d80000)
 Metaspace       used 55154K, capacity 55972K, committed 56192K, reserved 1099776K
  class space    used 6270K, capacity 6441K, committed 6528K, reserved 1048576K
}
Event: 785.743 GC heap before
{Heap before GC invocations=440 (full 2):
 PSYoungGen      total 185856K, used 185648K [0x000000076dc00000, 0x000000077aa80000, 0x00000007c0000000)
  eden space 169472K, 100% used [0x000000076dc00000,0x0000000778180000,0x0000000778180000)
  from space 16384K, 98% used [0x0000000778600000,0x00000007795cc270,0x0000000779600000)
  to   space 20992K, 0% used [0x0000000779600000,0x0000000779600000,0x000000077aa80000)
 ParOldGen       total 157184K, used 101046K [0x00000006c9400000, 0x00000006d2d80000, 0x000000076dc00000)
  object space 157184K, 64% used [0x00000006c9400000,0x00000006cf6adbd0,0x00000006d2d80000)
 Metaspace       used 55173K, capacity 55972K, committed 56192K, reserved 1099776K
  class space    used 6271K, capacity 6441K, committed 6528K, reserved 1048576K

