# JRE version: Java(TM) SE Runtime Environment (8.0_191-b12) (build 1.8.0_191-b12)
# Java VM: Java HotSpot(TM) 64-Bit Server VM (25.191-b12 mixed mode windows-amd64 compressed oops)
Heap:
 PSYoungGen      total 189440K, used 161165K [0x000000076dc00000, 0x000000077c680000, 0x00000007c0000000)
  eden space 176128K, 83% used [0x000000076dc00000,0x0000000776c64d88,0x0000000778800000)
  from space 13312K, 99% used [0x0000000778800000,0x00000007794fe9b8,0x0000000779500000)
  to   space 15872K, 0% used [0x000000077b700000,0x000000077b700000,0x000000077c680000)
 ParOldGen       total 177664K, used 21020K [0x00000006c9400000, 0x00000006d4180000, 0x000000076dc00000)
  object space 177664K, 11% used [0x00000006c9400000,0x00000006ca8873b0,0x00000006d4180000)
 Metaspace       used 51756K, capacity 52518K, committed 52608K, reserved 1095680K
  class space    used 6118K, capacity 6268K, committed 6272K, reserved 1048576K
GC Heap History (10 events):
Event: 2.393 GC heap before
{Heap before GC invocations=7 (full 1):
 PSYoungGen      total 134656K, used 123962K [0x000000076dc00000, 0x0000000777500000, 0x00000007c0000000)
  eden space 124416K, 93% used [0x000000076dc00000,0x0000000774d2efc0,0x0000000775580000)
  from space 10240K, 78% used [0x0000000775580000,0x0000000775d5fb40,0x0000000775f80000)
  to   space 10240K, 0% used [0x0000000776b00000,0x0000000776b00000,0x0000000777500000)
 ParOldGen       total 103424K, used 6837K [0x00000006c9400000, 0x00000006cf900000, 0x000000076dc00000)
  object space 103424K, 6% used [0x00000006c9400000,0x00000006c9aad7c0,0x00000006cf900000)
 Metaspace       used 34834K, capacity 35166K, committed 35456K, reserved 1081344K
  class space    used 4356K, capacity 4450K, committed 4480K, reserved 1048576K
Event: 2.400 GC heap after
Heap after GC invocations=7 (full 1):
 PSYoungGen      total 143872K, used 10236K [0x000000076dc00000, 0x000000077a180000, 0x00000007c0000000)
  eden space 133632K, 0% used [0x000000076dc00000,0x000000076dc00000,0x0000000775e80000)
  from space 10240K, 99% used [0x0000000776b00000,0x00000007774ff258,0x0000000777500000)
  to   space 12800K, 0% used [0x0000000775e80000,0x0000000775e80000,0x0000000776b00000)
 ParOldGen       total 103424K, used 9643K [0x00000006c9400000, 0x00000006cf900000, 0x000000076dc00000)
  object space 103424K, 9% used [0x00000006c9400000,0x00000006c9d6ad00,0x00000006cf900000)
 Metaspace       used 34834K, capacity 35166K, committed 35456K, reserved 1081344K
  class space    used 4356K, capacity 4450K, committed 4480K, reserved 1048576K
}
Event: 2.400 GC heap before
{Heap before GC invocations=8 (full 2):
 PSYoungGen      total 143872K, used 10236K [0x000000076dc00000, 0x000000077a180000, 0x00000007c0000000)
  eden space 133632K, 0% used [0x000000076dc00000,0x000000076dc00000,0x0000000775e80000)
  from space 10240K, 99% used [0x0000000776b00000,0x00000007774ff258,0x0000000777500000)
  to   space 12800K, 0% used [0x0000000775e80000,0x0000000775e80000,0x0000000776b00000)
 ParOldGen       total 103424K, used 9643K [0x00000006c9400000, 0x00000006cf900000, 0x000000076dc00000)
  object space 103424K, 9% used [0x00000006c9400000,0x00000006c9d6ad00,0x00000006cf900000)
 Metaspace       used 34834K, capacity 35166K, committed 35456K, reserved 1081344K
  class space    used 4356K, capacity 4450K, committed 4480K, reserved 1048576K
Event: 2.443 GC heap after
Heap after GC invocations=8 (full 2):
 PSYoungGen      total 143872K, used 0K [0x000000076dc00000, 0x000000077a180000, 0x00000007c0000000)
  eden space 133632K, 0% used [0x000000076dc00000,0x000000076dc00000,0x0000000775e80000)
  from space 10240K, 0% used [0x0000000776b00000,0x0000000776b00000,0x0000000777500000)
  to   space 12800K, 0% used [0x0000000775e80000,0x0000000775e80000,0x0000000776b00000)
 ParOldGen       total 177664K, used 17997K [0x00000006c9400000, 0x00000006d4180000, 0x000000076dc00000)
  object space 177664K, 10% used [0x00000006c9400000,0x00000006ca5937c0,0x00000006d4180000)
 Metaspace       used 34834K, capacity 35166K, committed 35456K, reserved 1081344K
  class space    used 4356K, capacity 4450K, committed 4480K, reserved 1048576K
}
Event: 3.127 GC heap before
{Heap before GC invocations=9 (full 2):
 PSYoungGen      total 143872K, used 133632K [0x000000076dc00000, 0x000000077a180000, 0x00000007c0000000)
  eden space 133632K, 100% used [0x000000076dc00000,0x0000000775e80000,0x0000000775e80000)
  from space 10240K, 0% used [0x0000000776b00000,0x0000000776b00000,0x0000000777500000)
  to   space 12800K, 0% used [0x0000000775e80000,0x0000000775e80000,0x0000000776b00000)
 ParOldGen       total 177664K, used 17997K [0x00000006c9400000, 0x00000006d4180000, 0x000000076dc00000)
  object space 177664K, 10% used [0x00000006c9400000,0x00000006ca5937c0,0x00000006d4180000)
 Metaspace       used 42318K, capacity 42726K, committed 43136K, reserved 1087488K
  class space    used 5127K, capacity 5230K, committed 5248K, reserved 1048576K
Event: 3.131 GC heap after
Heap after GC invocations=9 (full 2):
 PSYoungGen      total 146432K, used 8474K [0x000000076dc00000, 0x000000077a100000, 0x00000007c0000000)
  eden space 133632K, 0% used [0x000000076dc00000,0x000000076dc00000,0x0000000775e80000)
  from space 12800K, 66% used [0x0000000775e80000,0x00000007766c6ae8,0x0000000776b00000)
  to   space 12288K, 0% used [0x0000000779500000,0x0000000779500000,0x000000077a100000)
 ParOldGen       total 177664K, used 18005K [0x00000006c9400000, 0x00000006d4180000, 0x000000076dc00000)
  object space 177664K, 10% used [0x00000006c9400000,0x00000006ca5957c0,0x00000006d4180000)
 Metaspace       used 42318K, capacity 42726K, committed 43136K, reserved 1087488K
  class space    used 5127K, capacity 5230K, committed 5248K, reserved 1048576K
}
Event: 3.641 GC heap before
{Heap before GC invocations=10 (full 2):
 PSYoungGen      total 146432K, used 142106K [0x000000076dc00000, 0x000000077a100000, 0x00000007c0000000)
  eden space 133632K, 100% used [0x000000076dc00000,0x0000000775e80000,0x0000000775e80000)
  from space 12800K, 66% used [0x0000000775e80000,0x00000007766c6ae8,0x0000000776b00000)
  to   space 12288K, 0% used [0x0000000779500000,0x0000000779500000,0x000000077a100000)
 ParOldGen       total 177664K, used 18005K [0x00000006c9400000, 0x00000006d4180000, 0x000000076dc00000)
  object space 177664K, 10% used [0x00000006c9400000,0x00000006ca5957c0,0x00000006d4180000)
 Metaspace       used 44577K, capacity 45090K, committed 45568K, reserved 1089536K
  class space    used 5413K, capacity 5544K, committed 5632K, reserved 1048576K
Event: 3.647 GC heap after
Heap after GC invocations=10 (full 2):
 PSYoungGen      total 188416K, used 11909K [0x000000076dc00000, 0x000000077a300000, 0x00000007c0000000)
  eden space 176128K, 0% used [0x000000076dc00000,0x000000076dc00000,0x0000000778800000)
  from space 12288K, 96% used [0x0000000779500000,0x000000077a0a14e8,0x000000077a100000)
  to   space 13312K, 0% used [0x0000000778800000,0x0000000778800000,0x0000000779500000)
 ParOldGen       total 177664K, used 18013K [0x00000006c9400000, 0x00000006d4180000, 0x000000076dc00000)
  object space 177664K, 10% used [0x00000006c9400000,0x00000006ca5977c0,0x00000006d4180000)
 Metaspace       used 44577K, capacity 45090K, committed 45568K, reserved 1089536K
  class space    used 5413K, capacity 5544K, committed 5632K, reserved 1048576K
}
Event: 4.657 GC heap before
{Heap before GC invocations=11 (full 2):
 PSYoungGen      total 188416K, used 188037K [0x000000076dc00000, 0x000000077a300000, 0x00000007c0000000)
  eden space 176128K, 100% used [0x000000076dc00000,0x0000000778800000,0x0000000778800000)
  from space 12288K, 96% used [0x0000000779500000,0x000000077a0a14e8,0x000000077a100000)
  to   space 13312K, 0% used [0x0000000778800000,0x0000000778800000,0x0000000779500000)
 ParOldGen       total 177664K, used 18013K [0x00000006c9400000, 0x00000006d4180000, 0x000000076dc00000)
  object space 177664K, 10% used [0x00000006c9400000,0x00000006ca5977c0,0x00000006d4180000)
 Metaspace       used 50774K, capacity 51450K, committed 51840K, reserved 1095680K
  class space    used 6091K, capacity 6230K, committed 6272K, reserved 1048576K
Event: 4.665 GC heap after
Heap after GC invocations=11 (full 2):
 PSYoungGen      total 189440K, used 13306K [0x000000076dc00000, 0x000000077c680000, 0x00000007c0000000)
  eden space 176128K, 0% used [0x000000076dc00000,0x000000076dc00000,0x0000000778800000)
  from space 13312K, 99% used [0x0000000778800000,0x00000007794fe9b8,0x0000000779500000)
  to   space 15872K, 0% used [0x000000077b700000,0x000000077b700000,0x000000077c680000)
 ParOldGen       total 177664K, used 21020K [0x00000006c9400000, 0x00000006d4180000, 0x000000076dc00000)
  object space 177664K, 11% used [0x00000006c9400000,0x00000006ca8873b0,0x00000006d4180000)
 Metaspace       used 50774K, capacity 51450K, committed 51840K, reserved 1095680K
  class space    used 6091K, capacity 6230K, committed 6272K, reserved 1048576K
}

